[0.097s] Invoking command in '/workspaces/irobot_workspace/build/turtlebot3_gazebo': CMAKE_PREFIX_PATH=/opt/ros/humble /usr/bin/cmake /workspaces/irobot_workspace/src/turtlebot3_simulations/turtlebot3_gazebo -DCMAKE_BUILD_TYPE=RelWithDebInfo -DCMAKE_EXPORT_COMPILE_COMMANDS=On -Wall -Wextra -Wpedantic -DAMENT_CMAKE_SYMLINK_INSTALL=1 -DCMAKE_INSTALL_PREFIX=/workspaces/irobot_workspace/install
[0.214s] -- The C compiler identification is GNU 11.4.0
[0.296s] -- The CXX compiler identification is GNU 11.4.0
[0.306s] -- Detecting C compiler ABI info
[0.360s] -- Detecting C compiler ABI info - done
[0.365s] -- Check for working C compiler: /usr/bin/cc - skipped
[0.366s] -- Detecting C compile features
[0.366s] -- Detecting C compile features - done
[0.368s] -- Detecting CXX compiler ABI info
[0.423s] -- Detecting CXX compiler ABI info - done
[0.427s] -- Check for working CXX compiler: /usr/bin/c++ - skipped
[0.427s] -- Detecting CXX compile features
[0.428s] -- Detecting CXX compile features - done
[0.439s] -- Found ament_cmake: 1.3.7 (/opt/ros/humble/share/ament_cmake/cmake)
[0.538s] -- Found Python3: /usr/bin/python3.10 (found version "3.10.12") found components: Interpreter 
[0.586s] -- Override CMake install command with custom implementation using symlinks instead of copying resources
[0.633s] [33mCMake Warning (dev) at /usr/share/cmake-3.22/Modules/FindPackageHandleStandardArgs.cmake:438 (message):
[0.633s]   The package name passed to `find_package_handle_standard_args` (PkgConfig)
[0.633s]   does not match the name of the calling package (gazebo).  This can lead to
[0.633s]   problems in calling code that expects `find_package` result variables
[0.633s]   (e.g., `_FOUND`) to follow a certain pattern.
[0.633s] Call Stack (most recent call first):
[0.633s]   /usr/share/cmake-3.22/Modules/FindPkgConfig.cmake:99 (find_package_handle_standard_args)
[0.633s]   /usr/lib/x86_64-linux-gnu/cmake/gazebo/gazebo-config.cmake:72 (include)
[0.633s]   CMakeLists.txt:23 (find_package)
[0.633s] This warning is for project developers.  Use -Wno-dev to suppress it.
[0.633s] [0m
[0.633s] -- Found PkgConfig: /usr/bin/pkg-config (found version "0.29.2") 
[0.637s] -- Checking for module 'bullet>=2.82'
[0.645s] --   Found bullet, version 3.05
[0.714s] -- Found fcl: /usr/include (found suitable version "0.7.0", minimum required is "0.5.0") 
[0.758s] -- Found assimp: /usr/include (found version "5.2.0") 
[0.787s] -- Found DART: /usr/include (Required is at least version "6.6") found components: dart 
[0.973s] -- Found Boost: /usr/lib/x86_64-linux-gnu/cmake/Boost-1.74.0/BoostConfig.cmake (found suitable version "1.74.0", minimum required is "1.40.0") found components: thread system filesystem program_options regex iostreams date_time 
[0.993s] -- Found Protobuf: /usr/lib/x86_64-linux-gnu/libprotobuf.so (found version "3.12.4") 
[0.999s] -- Looking for ignition-math6 -- found version 6.15.1
[1.011s] -- Searching for dependencies of ignition-math6
[1.014s] -- Looking for OGRE...
[1.014s] -- OGRE_PREFIX_WATCH changed.
[1.018s] -- Checking for module 'OGRE'
[1.030s] --   Found OGRE, version 1.9.0
[1.056s] -- Found Ogre Ghadamon (1.9.0)
[1.065s] -- Found OGRE: optimized;/usr/lib/x86_64-linux-gnu/libOgreMain.so;debug;/usr/lib/x86_64-linux-gnu/libOgreMain.so
[1.075s] -- Looking for OGRE_Paging...
[1.078s] -- Found OGRE_Paging: optimized;/usr/lib/x86_64-linux-gnu/libOgrePaging.so;debug;/usr/lib/x86_64-linux-gnu/libOgrePaging.so
[1.078s] -- Looking for OGRE_Terrain...
[1.081s] -- Found OGRE_Terrain: optimized;/usr/lib/x86_64-linux-gnu/libOgreTerrain.so;debug;/usr/lib/x86_64-linux-gnu/libOgreTerrain.so
[1.081s] -- Looking for OGRE_Property...
[1.084s] -- Found OGRE_Property: optimized;/usr/lib/x86_64-linux-gnu/libOgreProperty.so;debug;/usr/lib/x86_64-linux-gnu/libOgreProperty.so
[1.085s] -- Looking for OGRE_RTShaderSystem...
[1.088s] -- Found OGRE_RTShaderSystem: optimized;/usr/lib/x86_64-linux-gnu/libOgreRTShaderSystem.so;debug;/usr/lib/x86_64-linux-gnu/libOgreRTShaderSystem.so
[1.089s] -- Looking for OGRE_Volume...
[1.091s] -- Found OGRE_Volume: optimized;/usr/lib/x86_64-linux-gnu/libOgreVolume.so;debug;/usr/lib/x86_64-linux-gnu/libOgreVolume.so
[1.092s] -- Looking for OGRE_Overlay...
[1.095s] -- Found OGRE_Overlay: optimized;/usr/lib/x86_64-linux-gnu/libOgreOverlay.so;debug;/usr/lib/x86_64-linux-gnu/libOgreOverlay.so
[1.150s] -- Looking for ignition-math6 -- found version 6.15.1
[1.153s] -- Looking for ignition-transport8 -- found version 8.2.1
[1.155s] -- Searching for dependencies of ignition-transport8
[1.173s] -- Found Protobuf: /usr/lib/x86_64-linux-gnu/libprotobuf.so (found suitable version "3.12.4", minimum required is "3") 
[1.183s] -- Config-file not installed for ZeroMQ -- checking for pkg-config
[1.188s] -- Checking for module 'libzmq >= 4'
[1.201s] --   Found libzmq , version 4.3.4
[1.222s] -- Found ZeroMQ: TRUE (Required is at least version "4") 
[1.226s] -- Checking for module 'uuid'
[1.236s] --   Found uuid, version 2.37.2
[1.255s] -- Found UUID: TRUE  
[1.259s] -- Looking for ignition-msgs5 -- found version 5.8.1
[1.259s] -- Searching for dependencies of ignition-msgs5
[1.275s] -- Looking for ignition-math6 -- found version 6.15.1
[1.278s] -- Checking for module 'tinyxml2'
[1.287s] --   Found tinyxml2, version 9.0.0
[1.307s] -- Looking for ignition-msgs5 -- found version 5.8.1
[1.307s] -- Looking for ignition-common3 -- found version 3.14.0
[1.308s] -- Searching for dependencies of ignition-common3
[1.308s] -- Looking for dlfcn.h - found
[1.308s] -- Looking for libdl - found
[1.309s] -- Found DL: TRUE  
[1.319s] -- Found tinyobjloader: /usr/lib/x86_64-linux-gnu/cmake/tinyobjloader/tinyobjloader-config.cmake (found version "2.0.0") 
[1.319s] -- Searching for <ignition-common3> component [graphics]
[1.321s] -- Looking for ignition-common3-graphics -- found version 3.14.0
[1.322s] -- Searching for dependencies of ignition-common3-graphics
[1.322s] -- Looking for ignition-math6 -- found version 6.15.1
[1.328s] -- Looking for ignition-fuel_tools4 -- found version 4.4.0
[1.328s] -- Searching for dependencies of ignition-fuel_tools4
[1.373s] -- Found CURL: /usr/lib/x86_64-linux-gnu/libcurl.so (found version "7.81.0")  
[1.381s] -- Checking for module 'jsoncpp'
[1.389s] --   Found jsoncpp, version 1.9.5
[1.406s] -- Found JSONCPP: TRUE  
[1.412s] -- Checking for module 'libzip'
[1.419s] --   Found libzip, version 1.7.3
[1.435s] -- Found ZIP: TRUE  
[1.436s] -- Looking for ignition-common3 -- found version 3.14.0
[1.436s] -- Looking for ignition-math6 -- found version 6.15.1
[1.436s] -- Looking for ignition-msgs5 -- found version 5.8.1
[1.442s] -- Found gazebo_ros_pkgs: 3.7.0 (/opt/ros/humble/share/gazebo_ros_pkgs/cmake)
[1.444s] -- Found geometry_msgs: 4.2.3 (/opt/ros/humble/share/geometry_msgs/cmake)
[1.467s] -- Found rosidl_generator_c: 3.1.5 (/opt/ros/humble/share/rosidl_generator_c/cmake)
[1.470s] -- Found rosidl_adapter: 3.1.5 (/opt/ros/humble/share/rosidl_adapter/cmake)
[1.476s] -- Found rosidl_generator_cpp: 3.1.5 (/opt/ros/humble/share/rosidl_generator_cpp/cmake)
[1.486s] -- Using all available rosidl_typesupport_c: rosidl_typesupport_fastrtps_c;rosidl_typesupport_introspection_c
[1.499s] -- Using all available rosidl_typesupport_cpp: rosidl_typesupport_fastrtps_cpp;rosidl_typesupport_introspection_cpp
[1.586s] -- Found nav_msgs: 4.2.3 (/opt/ros/humble/share/nav_msgs/cmake)
[1.661s] -- Found rclcpp: 16.0.8 (/opt/ros/humble/share/rclcpp/cmake)
[1.725s] -- Found rmw_implementation_cmake: 6.1.1 (/opt/ros/humble/share/rmw_implementation_cmake/cmake)
[1.729s] -- Found rmw_fastrtps_cpp: 6.2.6 (/opt/ros/humble/share/rmw_fastrtps_cpp/cmake)
[1.822s] -- Found OpenSSL: /usr/lib/x86_64-linux-gnu/libcrypto.so (found version "3.0.2")  
[1.849s] -- Found FastRTPS: /opt/ros/humble/include  
[1.887s] -- Using RMW implementation 'rmw_fastrtps_cpp' as default
[1.897s] -- Found Threads: TRUE  
[2.019s] -- Found sensor_msgs: 4.2.3 (/opt/ros/humble/share/sensor_msgs/cmake)
[2.112s] -- Found tf2: 0.25.5 (/opt/ros/humble/share/tf2/cmake)
[2.203s] -- Configuring done
[2.239s] -- Generating done
[2.242s] -- Build files have been written to: /workspaces/irobot_workspace/build/turtlebot3_gazebo
[2.262s] Invoked command in '/workspaces/irobot_workspace/build/turtlebot3_gazebo' returned '0': CMAKE_PREFIX_PATH=/opt/ros/humble /usr/bin/cmake /workspaces/irobot_workspace/src/turtlebot3_simulations/turtlebot3_gazebo -DCMAKE_BUILD_TYPE=RelWithDebInfo -DCMAKE_EXPORT_COMPILE_COMMANDS=On -Wall -Wextra -Wpedantic -DAMENT_CMAKE_SYMLINK_INSTALL=1 -DCMAKE_INSTALL_PREFIX=/workspaces/irobot_workspace/install
[2.262s] Invoking command in '/workspaces/irobot_workspace/build/turtlebot3_gazebo': CMAKE_PREFIX_PATH=/opt/ros/humble /usr/bin/cmake --build /workspaces/irobot_workspace/build/turtlebot3_gazebo -- -j20 -l20
[2.301s] [ 12%] [32mBuilding CXX object CMakeFiles/turtlebot3_drive.dir/src/turtlebot3_drive.cpp.o[0m
[2.301s] [ 25%] [32mBuilding CXX object CMakeFiles/obstacle1.dir/models/turtlebot3_dqn_world/obstacle_plugin/obstacle1.cc.o[0m
[2.303s] [ 37%] [32mBuilding CXX object CMakeFiles/obstacle2.dir/models/turtlebot3_dqn_world/obstacle_plugin/obstacle2.cc.o[0m
[2.303s] [ 50%] [32mBuilding CXX object CMakeFiles/obstacles.dir/models/turtlebot3_dqn_world/obstacle_plugin/obstacles.cc.o[0m
[89.815s] [01m[Kc++:[m[K [01;31m[Kfatal error: [m[KKilled signal terminated program cc1plus
[89.837s] compilation terminated.
[89.837s] gmake[2]: *** [CMakeFiles/obstacle1.dir/build.make:76: CMakeFiles/obstacle1.dir/models/turtlebot3_dqn_world/obstacle_plugin/obstacle1.cc.o] Error 1
[89.837s] gmake[1]: *** [CMakeFiles/Makefile2:169: CMakeFiles/obstacle1.dir/all] Error 2
[89.838s] gmake[1]: *** Waiting for unfinished jobs....
[165.820s] [01m[Kc++:[m[K [01;31m[Kfatal error: [m[KKilled signal terminated program cc1plus
[165.822s] compilation terminated.
[165.844s] gmake[2]: *** [CMakeFiles/obstacles.dir/build.make:76: CMakeFiles/obstacles.dir/models/turtlebot3_dqn_world/obstacle_plugin/obstacles.cc.o] Error 1
[165.856s] gmake[1]: *** [CMakeFiles/Makefile2:221: CMakeFiles/obstacles.dir/all] Error 2
[179.081s] [ 62%] [32m[1mLinking CXX shared library libobstacle2.so[0m
[179.295s] [ 62%] Built target obstacle2
[188.095s] [ 75%] [32m[1mLinking CXX executable turtlebot3_drive[0m
[188.314s] [ 75%] Built target turtlebot3_drive
[188.319s] gmake: *** [Makefile:146: all] Error 2
[188.357s] Invoked command in '/workspaces/irobot_workspace/build/turtlebot3_gazebo' returned '2': CMAKE_PREFIX_PATH=/opt/ros/humble /usr/bin/cmake --build /workspaces/irobot_workspace/build/turtlebot3_gazebo -- -j20 -l20
